// dataflow 1.2.0.RELEASE log opened at 2019-05-08 17:23:31
app import --uri file:/Users/jphilimon/talks/scdf/apps-rabbit
// [failed] app register --name anomaly --type processor --uri file://Users/jphilimon/talks/connected-cars/apps/anomaly-detector/target/anomaly-detector
// [failed] app register --name anomaly --type processor --uri file://Users/jphilimon/talks/connected-cars/apps/anomaly-detector/target/anomaly-detector
app register --name anomaly --type processor --uri file://Users/jphilimon/talks/connected-cars/apps/anomaly-detector/target/anomaly-detector-0.0.1-SNAPSHOT.jar
http post --target "http://localhost:8811" --data "30"
http post --target "http://localhost:8811" --data "31"
http post --target "http://localhost:8811" --data "31"
// dataflow 1.2.0.RELEASE log opened at 2019-05-09 17:46:32
// dataflow 1.2.0.RELEASE log opened at 2019-05-09 17:48:31
// [failed] app register --name anomalies --type processor --uri file:///Users/jphilimon/talks/connected-cars/apps/anomaly-detector/target
// [failed] app register --name anomalies --type processor --uri file://Users/jphilimon/talks/connected-cars/apps/anomaly-detector/target
app register --name anomalies --type processor --uri file://Users/jphilimon/talks/connected-cars/apps/anomaly-detector/target/anomaly-detector-0.0.1-SNAPSHOT.jar
app import --uri file:/Users/jphilimon/talks/connected-cars/apps/apps-rabbit
http post --target "localhost:8088" --data "31"
http post --target "localhost:8088" --data "30"
http post --target "http://localhost:8088" --data "30"
http post --target "http://localhost:8088" --data "31"
http post --target "http://localhost:8088" --data "31"
http post --target "http://localhost:8088" --data "31"
http post --target "http://localhost:8088" --data "30"
http post --target "http://localhost:8088" --data "30"
http post --target "http://localhost:8088" --data "31"
// dataflow 1.2.0.RELEASE log opened at 2019-05-12 20:44:20
app import --uri file:/Users/jphilimon/talks/connected-cars/apps/apps-rabbit
app register --name anomaly-detector --type processor --uri file:///Users/jphilimon/talks/connected-cars/apps/anomaly-detector/target/anomaly-detector-0.0.1-SNAPSHOT.jar
http post --data "30" --target "localhost:8811"
http post --data "30" --target "localhost:8811"
http post --data "30" --target "localhost:8811"
http post --data "30" --target "localhost:8811"
http post --data "30" --target "http://localhost:8811"
http post --data "31" --target "http://localhost:8811"
http post --data "31" --target "http://localhost:8811"
http post --data "30" --target "http://localhost:8811"
// dataflow 1.2.0.RELEASE log opened at 2019-05-16 09:57:02
// [failed] app register --name anomalies --type processor --uri file://Users/jphilimon/talks/connected-cars/apps/anomaly-detector/target/anomaly-detector
// [failed] app register --name anomalies --type processor --uri file://Users/jphilimon/talks/connected-cars/apps/anomaly-detector/target/anomaly-detector
// [failed] app register --name anomalies --type processor --uri file://Users/jphilimon/talks/connected-cars/apps/anomaly-detector/target/anomaly-detector.jar
app import --uri file:/Users/jphilimon/talks/connected-cars/apps/apps-rabbit
// [failed] app register --name anomalies --type processor --uri file://Users/jphilimon/talks/connected-cars/apps/anomaly-detector/target/anomaly-detector.jar
clear
// [failed] app register --name anomalies --type processor --uri file://Users/jphilimon/talks/connected-cars/apps/anomaly-detector/target/anomaly-detector
clear
// [failed] app register --name anomaly --type processor --uri file://Users/jphilimon/talks/connected-cars/apps/anomaly-detector/target/anomaly-detector
// [failed] app register --name anomaly --type processor --uri file://Users/jphilimon/talks/connected-cars/apps/anomaly-detector/target/anomaly-detector
// [failed] app register --name anomaly --type processor --uri file://Users/jphilimon/talks/connected-cars/apps/anomaly-detector/target/anomaly-detector
// [failed] app register --name anomaly --type processor --uri file://Users/jphilimon/talks/connected-cars/apps/anomaly-detector/target/anomaly-detector
app register --name anomaly --type processor --uri file://Users/jphilimon/talks/connected-cars/apps/anomaly-detector/target/anomaly-detector-0.0.1-SNAPSHOT.jar
app import --uri file:/Users/jphilimon/talks/connected-cars/apps/apps-rabbit
// dataflow 1.2.0.RELEASE log opened at 2019-05-16 17:24:45
